2020-08-10 11:41:59,953 WARN  [SoapUI] Missing folder [C:\Users\ManishaRamidi\Desktop\project\my-app\ext] for external libraries
2020-08-10 11:42:00,613 INFO  [DefaultSoapUICore] initialized soapui-settings from [C:\Users\ManishaRamidi\soapui-settings.xml]
2020-08-10 11:42:01,563 WARN  [SoapUI] Plugin 'ready-uxm-plugin-os-1.0.3.jar' is not loaded because it hasn't been signed by SmartBear Software.
2020-08-10 11:42:03,052 INFO  [PluginManager] Adding plugin from [C:\Users\ManishaRamidi\.soapuios\plugins\readyapi-postman-1.0.1.jar]
2020-08-10 11:42:03,055 INFO  [PluginManager] Adding plugin from [C:\Users\ManishaRamidi\.soapuios\plugins\soapui-swagger-plugin-2.2-dist.jar]
2020-08-10 11:42:05,709 ERROR [SoapUI] An error occurred [com.eviware.soapui.plugins.auto.factories.AutoDiscoveryMethodFactory], see error log for details
2020-08-10 11:42:05,713 ERROR [errorlog] java.lang.ClassNotFoundException: com.eviware.soapui.plugins.auto.factories.AutoDiscoveryMethodFactory
java.lang.ClassNotFoundException: com.eviware.soapui.plugins.auto.factories.AutoDiscoveryMethodFactory
	at org.codehaus.plexus.classworlds.strategy.SelfFirstStrategy.loadClass(SelfFirstStrategy.java:50)
	at org.codehaus.plexus.classworlds.realm.ClassRealm.unsynchronizedLoadClass(ClassRealm.java:271)
	at org.codehaus.plexus.classworlds.realm.ClassRealm.loadClass(ClassRealm.java:247)
	at org.codehaus.plexus.classworlds.realm.ClassRealm.loadClass(ClassRealm.java:239)
	at java.lang.Class.forName0(Native Method)
	at java.lang.Class.forName(Class.java:264)
	at com.eviware.soapui.plugins.LoaderBase.loadAutoFactories(LoaderBase.java:113)
	at com.eviware.soapui.plugins.LoaderBase.loadFactories(LoaderBase.java:80)
	at com.eviware.soapui.plugins.PluginLoader.loadPluginFactories(PluginLoader.java:141)
	at com.eviware.soapui.plugins.PluginLoader.loadPlugin(PluginLoader.java:104)
	at com.eviware.soapui.plugins.PluginLoader.loadPlugin(PluginLoader.java:54)
	at com.eviware.soapui.plugins.PluginManager.doInstallPlugin(PluginManager.java:141)
	at com.eviware.soapui.plugins.PluginManager.access$600(PluginManager.java:43)
	at com.eviware.soapui.plugins.PluginManager$LoadPluginsTask.computeSequentially(PluginManager.java:420)
	at com.eviware.soapui.plugins.PluginManager$LoadPluginsTask.compute(PluginManager.java:377)
	at com.eviware.soapui.plugins.PluginManager$LoadPluginsTask.compute(PluginManager.java:382)
	at com.eviware.soapui.plugins.PluginManager$LoadPluginsTask.compute(PluginManager.java:365)
	at java.util.concurrent.RecursiveTask.exec(RecursiveTask.java:94)
	at java.util.concurrent.ForkJoinTask.doExec(ForkJoinTask.java:289)
	at java.util.concurrent.ForkJoinPool$WorkQueue.runTask(ForkJoinPool.java:1056)
	at java.util.concurrent.ForkJoinPool.runWorker(ForkJoinPool.java:1692)
	at java.util.concurrent.ForkJoinWorkerThread.run(ForkJoinWorkerThread.java:157)
2020-08-10 11:42:06,014 ERROR [SoapUI] An error occurred [com.eviware.soapui.plugins.auto.factories.AutoImportMethodFactory], see error log for details
2020-08-10 11:42:06,016 ERROR [errorlog] java.lang.ClassNotFoundException: com.eviware.soapui.plugins.auto.factories.AutoImportMethodFactory
java.lang.ClassNotFoundException: com.eviware.soapui.plugins.auto.factories.AutoImportMethodFactory
	at org.codehaus.plexus.classworlds.strategy.SelfFirstStrategy.loadClass(SelfFirstStrategy.java:50)
	at org.codehaus.plexus.classworlds.realm.ClassRealm.unsynchronizedLoadClass(ClassRealm.java:271)
	at org.codehaus.plexus.classworlds.realm.ClassRealm.loadClass(ClassRealm.java:247)
	at org.codehaus.plexus.classworlds.realm.ClassRealm.loadClass(ClassRealm.java:239)
	at java.lang.Class.forName0(Native Method)
	at java.lang.Class.forName(Class.java:264)
	at com.eviware.soapui.plugins.LoaderBase.loadAutoFactories(LoaderBase.java:113)
	at com.eviware.soapui.plugins.LoaderBase.loadFactories(LoaderBase.java:80)
	at com.eviware.soapui.plugins.PluginLoader.loadPluginFactories(PluginLoader.java:141)
	at com.eviware.soapui.plugins.PluginLoader.loadPlugin(PluginLoader.java:104)
	at com.eviware.soapui.plugins.PluginLoader.loadPlugin(PluginLoader.java:54)
	at com.eviware.soapui.plugins.PluginManager.doInstallPlugin(PluginManager.java:141)
	at com.eviware.soapui.plugins.PluginManager.access$600(PluginManager.java:43)
	at com.eviware.soapui.plugins.PluginManager$LoadPluginsTask.computeSequentially(PluginManager.java:420)
	at com.eviware.soapui.plugins.PluginManager$LoadPluginsTask.compute(PluginManager.java:377)
	at com.eviware.soapui.plugins.PluginManager$LoadPluginsTask.compute(PluginManager.java:382)
	at com.eviware.soapui.plugins.PluginManager$LoadPluginsTask.compute(PluginManager.java:365)
	at java.util.concurrent.RecursiveTask.exec(RecursiveTask.java:94)
	at java.util.concurrent.ForkJoinTask.doExec(ForkJoinTask.java:289)
	at java.util.concurrent.ForkJoinPool$WorkQueue.runTask(ForkJoinPool.java:1056)
	at java.util.concurrent.ForkJoinPool.runWorker(ForkJoinPool.java:1692)
	at java.util.concurrent.ForkJoinWorkerThread.run(ForkJoinWorkerThread.java:157)
2020-08-10 11:42:06,259 ERROR [SoapUI] An error occurred [com.eviware.soapui.plugins.auto.factories.AutoDiscoveryMethodFactory], see error log for details
2020-08-10 11:42:06,276 ERROR [errorlog] java.lang.ClassNotFoundException: com.eviware.soapui.plugins.auto.factories.AutoDiscoveryMethodFactory
java.lang.ClassNotFoundException: com.eviware.soapui.plugins.auto.factories.AutoDiscoveryMethodFactory
	at org.codehaus.plexus.classworlds.strategy.SelfFirstStrategy.loadClass(SelfFirstStrategy.java:50)
	at org.codehaus.plexus.classworlds.realm.ClassRealm.unsynchronizedLoadClass(ClassRealm.java:271)
	at org.codehaus.plexus.classworlds.realm.ClassRealm.loadClass(ClassRealm.java:247)
	at org.codehaus.plexus.classworlds.realm.ClassRealm.loadClass(ClassRealm.java:239)
	at java.lang.Class.forName0(Native Method)
	at java.lang.Class.forName(Class.java:264)
	at com.eviware.soapui.plugins.LoaderBase.loadAutoFactories(LoaderBase.java:113)
	at com.eviware.soapui.plugins.LoaderBase.loadFactories(LoaderBase.java:80)
	at com.eviware.soapui.plugins.PluginLoader.loadPluginFactories(PluginLoader.java:141)
	at com.eviware.soapui.plugins.PluginLoader.loadPlugin(PluginLoader.java:104)
	at com.eviware.soapui.plugins.PluginLoader.loadPlugin(PluginLoader.java:54)
	at com.eviware.soapui.plugins.PluginManager.doInstallPlugin(PluginManager.java:141)
	at com.eviware.soapui.plugins.PluginManager.access$600(PluginManager.java:43)
	at com.eviware.soapui.plugins.PluginManager$LoadPluginsTask.computeSequentially(PluginManager.java:420)
	at com.eviware.soapui.plugins.PluginManager$LoadPluginsTask.compute(PluginManager.java:377)
	at com.eviware.soapui.plugins.PluginManager$LoadPluginsTask.compute(PluginManager.java:365)
	at java.util.concurrent.RecursiveTask.exec(RecursiveTask.java:94)
	at java.util.concurrent.ForkJoinTask.doExec(ForkJoinTask.java:289)
	at java.util.concurrent.ForkJoinPool$WorkQueue.runTask(ForkJoinPool.java:1056)
	at java.util.concurrent.ForkJoinPool.runWorker(ForkJoinPool.java:1692)
	at java.util.concurrent.ForkJoinWorkerThread.run(ForkJoinWorkerThread.java:157)
2020-08-10 11:42:06,433 INFO  [PluginManager] Adding plugin from [C:\Users\ManishaRamidi\.soapuios\plugins\ready-mqtt-plugin-dist.jar]
2020-08-10 11:42:06,904 ERROR [SoapUI] An error occurred [com.eviware.soapui.plugins.auto.factories.AutoImportMethodFactory], see error log for details
2020-08-10 11:42:06,905 ERROR [errorlog] java.lang.ClassNotFoundException: com.eviware.soapui.plugins.auto.factories.AutoImportMethodFactory
java.lang.ClassNotFoundException: com.eviware.soapui.plugins.auto.factories.AutoImportMethodFactory
	at org.codehaus.plexus.classworlds.strategy.SelfFirstStrategy.loadClass(SelfFirstStrategy.java:50)
	at org.codehaus.plexus.classworlds.realm.ClassRealm.unsynchronizedLoadClass(ClassRealm.java:271)
	at org.codehaus.plexus.classworlds.realm.ClassRealm.loadClass(ClassRealm.java:247)
	at org.codehaus.plexus.classworlds.realm.ClassRealm.loadClass(ClassRealm.java:239)
	at java.lang.Class.forName0(Native Method)
	at java.lang.Class.forName(Class.java:264)
	at com.eviware.soapui.plugins.LoaderBase.loadAutoFactories(LoaderBase.java:113)
	at com.eviware.soapui.plugins.LoaderBase.loadFactories(LoaderBase.java:80)
	at com.eviware.soapui.plugins.PluginLoader.loadPluginFactories(PluginLoader.java:141)
	at com.eviware.soapui.plugins.PluginLoader.loadPlugin(PluginLoader.java:104)
	at com.eviware.soapui.plugins.PluginLoader.loadPlugin(PluginLoader.java:54)
	at com.eviware.soapui.plugins.PluginManager.doInstallPlugin(PluginManager.java:141)
	at com.eviware.soapui.plugins.PluginManager.access$600(PluginManager.java:43)
	at com.eviware.soapui.plugins.PluginManager$LoadPluginsTask.computeSequentially(PluginManager.java:420)
	at com.eviware.soapui.plugins.PluginManager$LoadPluginsTask.compute(PluginManager.java:377)
	at com.eviware.soapui.plugins.PluginManager$LoadPluginsTask.compute(PluginManager.java:365)
	at java.util.concurrent.RecursiveTask.exec(RecursiveTask.java:94)
	at java.util.concurrent.ForkJoinTask.doExec(ForkJoinTask.java:289)
	at java.util.concurrent.ForkJoinPool$WorkQueue.runTask(ForkJoinPool.java:1056)
	at java.util.concurrent.ForkJoinPool.runWorker(ForkJoinPool.java:1692)
	at java.util.concurrent.ForkJoinWorkerThread.run(ForkJoinWorkerThread.java:157)
2020-08-10 11:42:08,139 ERROR [SoapUI] An error occurred [com.eviware.soapui.plugins.auto.factories.AutoDiscoveryMethodFactory], see error log for details
2020-08-10 11:42:08,142 ERROR [errorlog] java.lang.ClassNotFoundException: com.eviware.soapui.plugins.auto.factories.AutoDiscoveryMethodFactory
java.lang.ClassNotFoundException: com.eviware.soapui.plugins.auto.factories.AutoDiscoveryMethodFactory
	at org.codehaus.plexus.classworlds.strategy.SelfFirstStrategy.loadClass(SelfFirstStrategy.java:50)
	at org.codehaus.plexus.classworlds.realm.ClassRealm.unsynchronizedLoadClass(ClassRealm.java:271)
	at org.codehaus.plexus.classworlds.realm.ClassRealm.loadClass(ClassRealm.java:247)
	at org.codehaus.plexus.classworlds.realm.ClassRealm.loadClass(ClassRealm.java:239)
	at java.lang.Class.forName0(Native Method)
	at java.lang.Class.forName(Class.java:264)
	at com.eviware.soapui.plugins.LoaderBase.loadAutoFactories(LoaderBase.java:113)
	at com.eviware.soapui.plugins.LoaderBase.loadFactories(LoaderBase.java:80)
	at com.eviware.soapui.plugins.PluginLoader.loadPluginFactories(PluginLoader.java:141)
	at com.eviware.soapui.plugins.PluginLoader.loadPlugin(PluginLoader.java:104)
	at com.eviware.soapui.plugins.PluginLoader.loadPlugin(PluginLoader.java:54)
	at com.eviware.soapui.plugins.PluginManager.doInstallPlugin(PluginManager.java:141)
	at com.eviware.soapui.plugins.PluginManager.access$600(PluginManager.java:43)
	at com.eviware.soapui.plugins.PluginManager$LoadPluginsTask.computeSequentially(PluginManager.java:420)
	at com.eviware.soapui.plugins.PluginManager$LoadPluginsTask.compute(PluginManager.java:377)
	at com.eviware.soapui.plugins.PluginManager$LoadPluginsTask.compute(PluginManager.java:382)
	at com.eviware.soapui.plugins.PluginManager$LoadPluginsTask.compute(PluginManager.java:365)
	at java.util.concurrent.RecursiveTask.exec(RecursiveTask.java:94)
	at java.util.concurrent.ForkJoinTask.doExec(ForkJoinTask.java:289)
	at java.util.concurrent.ForkJoinPool$WorkQueue.runTask(ForkJoinPool.java:1056)
	at java.util.concurrent.ForkJoinPool.runWorker(ForkJoinPool.java:1692)
	at java.util.concurrent.ForkJoinWorkerThread.run(ForkJoinWorkerThread.java:157)
2020-08-10 11:42:08,559 ERROR [SoapUI] An error occurred [com.eviware.soapui.plugins.auto.factories.AutoImportMethodFactory], see error log for details
2020-08-10 11:42:08,560 ERROR [errorlog] java.lang.ClassNotFoundException: com.eviware.soapui.plugins.auto.factories.AutoImportMethodFactory
java.lang.ClassNotFoundException: com.eviware.soapui.plugins.auto.factories.AutoImportMethodFactory
	at org.codehaus.plexus.classworlds.strategy.SelfFirstStrategy.loadClass(SelfFirstStrategy.java:50)
	at org.codehaus.plexus.classworlds.realm.ClassRealm.unsynchronizedLoadClass(ClassRealm.java:271)
	at org.codehaus.plexus.classworlds.realm.ClassRealm.loadClass(ClassRealm.java:247)
	at org.codehaus.plexus.classworlds.realm.ClassRealm.loadClass(ClassRealm.java:239)
	at java.lang.Class.forName0(Native Method)
	at java.lang.Class.forName(Class.java:264)
	at com.eviware.soapui.plugins.LoaderBase.loadAutoFactories(LoaderBase.java:113)
	at com.eviware.soapui.plugins.LoaderBase.loadFactories(LoaderBase.java:80)
	at com.eviware.soapui.plugins.PluginLoader.loadPluginFactories(PluginLoader.java:141)
	at com.eviware.soapui.plugins.PluginLoader.loadPlugin(PluginLoader.java:104)
	at com.eviware.soapui.plugins.PluginLoader.loadPlugin(PluginLoader.java:54)
	at com.eviware.soapui.plugins.PluginManager.doInstallPlugin(PluginManager.java:141)
	at com.eviware.soapui.plugins.PluginManager.access$600(PluginManager.java:43)
	at com.eviware.soapui.plugins.PluginManager$LoadPluginsTask.computeSequentially(PluginManager.java:420)
	at com.eviware.soapui.plugins.PluginManager$LoadPluginsTask.compute(PluginManager.java:377)
	at com.eviware.soapui.plugins.PluginManager$LoadPluginsTask.compute(PluginManager.java:382)
	at com.eviware.soapui.plugins.PluginManager$LoadPluginsTask.compute(PluginManager.java:365)
	at java.util.concurrent.RecursiveTask.exec(RecursiveTask.java:94)
	at java.util.concurrent.ForkJoinTask.doExec(ForkJoinTask.java:289)
	at java.util.concurrent.ForkJoinPool$WorkQueue.runTask(ForkJoinPool.java:1056)
	at java.util.concurrent.ForkJoinPool.runWorker(ForkJoinPool.java:1692)
	at java.util.concurrent.ForkJoinWorkerThread.run(ForkJoinWorkerThread.java:157)
2020-08-10 11:42:08,874 INFO  [PluginManager] Adding plugin from [C:\Users\ManishaRamidi\.soapuios\plugins\readyapi-swaggerhub-plugin-1.0.jar]
2020-08-10 11:42:09,898 ERROR [SoapUI] An error occurred [com.eviware.soapui.plugins.auto.factories.AutoDiscoveryMethodFactory], see error log for details
2020-08-10 11:42:09,899 ERROR [errorlog] java.lang.ClassNotFoundException: com.eviware.soapui.plugins.auto.factories.AutoDiscoveryMethodFactory
java.lang.ClassNotFoundException: com.eviware.soapui.plugins.auto.factories.AutoDiscoveryMethodFactory
	at org.codehaus.plexus.classworlds.strategy.SelfFirstStrategy.loadClass(SelfFirstStrategy.java:50)
	at org.codehaus.plexus.classworlds.realm.ClassRealm.unsynchronizedLoadClass(ClassRealm.java:271)
	at org.codehaus.plexus.classworlds.realm.ClassRealm.loadClass(ClassRealm.java:247)
	at org.codehaus.plexus.classworlds.realm.ClassRealm.loadClass(ClassRealm.java:239)
	at java.lang.Class.forName0(Native Method)
	at java.lang.Class.forName(Class.java:264)
	at com.eviware.soapui.plugins.LoaderBase.loadAutoFactories(LoaderBase.java:113)
	at com.eviware.soapui.plugins.LoaderBase.loadFactories(LoaderBase.java:80)
	at com.eviware.soapui.plugins.PluginLoader.loadPluginFactories(PluginLoader.java:141)
	at com.eviware.soapui.plugins.PluginLoader.loadPlugin(PluginLoader.java:104)
	at com.eviware.soapui.plugins.PluginLoader.loadPlugin(PluginLoader.java:54)
	at com.eviware.soapui.plugins.PluginManager.doInstallPlugin(PluginManager.java:141)
	at com.eviware.soapui.plugins.PluginManager.access$600(PluginManager.java:43)
	at com.eviware.soapui.plugins.PluginManager$LoadPluginsTask.computeSequentially(PluginManager.java:420)
	at com.eviware.soapui.plugins.PluginManager$LoadPluginsTask.compute(PluginManager.java:377)
	at com.eviware.soapui.plugins.PluginManager$LoadPluginsTask.compute(PluginManager.java:382)
	at com.eviware.soapui.plugins.PluginManager$LoadPluginsTask.compute(PluginManager.java:365)
	at java.util.concurrent.RecursiveTask.exec(RecursiveTask.java:94)
	at java.util.concurrent.ForkJoinTask.doExec(ForkJoinTask.java:289)
	at java.util.concurrent.ForkJoinPool$WorkQueue.runTask(ForkJoinPool.java:1056)
	at java.util.concurrent.ForkJoinPool.runWorker(ForkJoinPool.java:1692)
	at java.util.concurrent.ForkJoinWorkerThread.run(ForkJoinWorkerThread.java:157)
2020-08-10 11:42:10,275 ERROR [SoapUI] An error occurred [com.eviware.soapui.plugins.auto.factories.AutoImportMethodFactory], see error log for details
2020-08-10 11:42:10,278 ERROR [errorlog] java.lang.ClassNotFoundException: com.eviware.soapui.plugins.auto.factories.AutoImportMethodFactory
java.lang.ClassNotFoundException: com.eviware.soapui.plugins.auto.factories.AutoImportMethodFactory
	at org.codehaus.plexus.classworlds.strategy.SelfFirstStrategy.loadClass(SelfFirstStrategy.java:50)
	at org.codehaus.plexus.classworlds.realm.ClassRealm.unsynchronizedLoadClass(ClassRealm.java:271)
	at org.codehaus.plexus.classworlds.realm.ClassRealm.loadClass(ClassRealm.java:247)
	at org.codehaus.plexus.classworlds.realm.ClassRealm.loadClass(ClassRealm.java:239)
	at java.lang.Class.forName0(Native Method)
	at java.lang.Class.forName(Class.java:264)
	at com.eviware.soapui.plugins.LoaderBase.loadAutoFactories(LoaderBase.java:113)
	at com.eviware.soapui.plugins.LoaderBase.loadFactories(LoaderBase.java:80)
	at com.eviware.soapui.plugins.PluginLoader.loadPluginFactories(PluginLoader.java:141)
	at com.eviware.soapui.plugins.PluginLoader.loadPlugin(PluginLoader.java:104)
	at com.eviware.soapui.plugins.PluginLoader.loadPlugin(PluginLoader.java:54)
	at com.eviware.soapui.plugins.PluginManager.doInstallPlugin(PluginManager.java:141)
	at com.eviware.soapui.plugins.PluginManager.access$600(PluginManager.java:43)
	at com.eviware.soapui.plugins.PluginManager$LoadPluginsTask.computeSequentially(PluginManager.java:420)
	at com.eviware.soapui.plugins.PluginManager$LoadPluginsTask.compute(PluginManager.java:377)
	at com.eviware.soapui.plugins.PluginManager$LoadPluginsTask.compute(PluginManager.java:382)
	at com.eviware.soapui.plugins.PluginManager$LoadPluginsTask.compute(PluginManager.java:365)
	at java.util.concurrent.RecursiveTask.exec(RecursiveTask.java:94)
	at java.util.concurrent.ForkJoinTask.doExec(ForkJoinTask.java:289)
	at java.util.concurrent.ForkJoinPool$WorkQueue.runTask(ForkJoinPool.java:1056)
	at java.util.concurrent.ForkJoinPool.runWorker(ForkJoinPool.java:1692)
	at java.util.concurrent.ForkJoinWorkerThread.run(ForkJoinWorkerThread.java:157)
2020-08-10 11:42:10,613 INFO  [PluginManager] 4 plugins loaded in 7574 ms
2020-08-10 11:42:10,618 INFO  [DefaultSoapUICore] All plugins loaded
2020-08-10 11:42:14,200 INFO  [WsdlProject] Loaded project from [file:/C:/Users/ManishaRamidi/Desktop/project/my-app/CustomerRepository-soapui-project.xml]
2020-08-10 11:42:14,205 INFO  [SoapUITestCaseRunner] Running SoapUI tests in project [CustomerRepository]
2020-08-10 11:42:14,208 INFO  [SoapUITestCaseRunner] Running Project [CustomerRepository], runType = SEQUENTIAL
2020-08-10 11:42:14,253 INFO  [SoapUITestCaseRunner] Running SoapUI testcase [customerCustomerRepositoryV1DeleteById TestCase]
2020-08-10 11:42:14,343 INFO  [SoapUITestCaseRunner] running step [DeleteCutomerById]
2020-08-10 11:42:16,124 INFO  [SoapUITestCaseRunner] Finished running SoapUI testcase [customerCustomerRepositoryV1DeleteById TestCase], time taken: 1739ms, status: FINISHED
2020-08-10 11:42:16,145 INFO  [SoapUITestCaseRunner] Running SoapUI testcase [customerCustomerRepositoryV1GetById TestCase]
2020-08-10 11:42:16,146 INFO  [SoapUITestCaseRunner] running step [GetCustomerbyID]
2020-08-10 11:42:16,944 INFO  [SoapUITestCaseRunner] Finished running SoapUI testcase [customerCustomerRepositoryV1GetById TestCase], time taken: 785ms, status: FINISHED
2020-08-10 11:42:16,946 INFO  [SoapUITestCaseRunner] Running SoapUI testcase [GetCustomerList]
2020-08-10 11:42:16,947 INFO  [SoapUITestCaseRunner] running step [customerCustomerRepositoryV1GetList]
2020-08-10 11:42:22,368 INFO  [SoapUITestCaseRunner] Finished running SoapUI testcase [GetCustomerList], time taken: 5420ms, status: FINISHED
2020-08-10 11:42:22,371 INFO  [SoapUITestCaseRunner] Running SoapUI testcase [customerCustomerRepositoryV1Create TestCase]
2020-08-10 11:42:22,372 INFO  [SoapUITestCaseRunner] running step [CreateCustomer]
2020-08-10 11:42:23,052 INFO  [SoapUITestCaseRunner] Finished running SoapUI testcase [customerCustomerRepositoryV1Create TestCase], time taken: 679ms, status: FINISHED
2020-08-10 11:42:23,059 INFO  [SoapUITestCaseRunner] Running SoapUI testcase [FunctionalTesting_Script]
2020-08-10 11:42:23,076 INFO  [SoapUITestCaseRunner] running step [Properties]
2020-08-10 11:42:23,221 INFO  [SoapUITestCaseRunner] running step [Call Create]
2020-08-10 11:42:27,204 INFO  [SchemaUtils] Added default schema from file:/C:/Users/ManishaRamidi/.m2/repository/com/smartbear/soapui/soapui/5.5.0/soapui-5.5.0.jar!/com/eviware/soapui/resources/xsds/xop.xsd with targetNamespace http://www.w3.org/2004/08/xop/include
2020-08-10 11:42:27,263 INFO  [SchemaUtils] Added default schema from file:/C:/Users/ManishaRamidi/.m2/repository/com/smartbear/soapui/soapui/5.5.0/soapui-5.5.0.jar!/com/eviware/soapui/resources/xsds/XMLSchema.xsd with targetNamespace http://www.w3.org/2001/XMLSchema
2020-08-10 11:42:27,287 INFO  [SchemaUtils] Added default schema from file:/C:/Users/ManishaRamidi/.m2/repository/com/smartbear/soapui/soapui/5.5.0/soapui-5.5.0.jar!/com/eviware/soapui/resources/xsds/xml.xsd with targetNamespace http://www.w3.org/XML/1998/namespace
2020-08-10 11:42:27,294 INFO  [SchemaUtils] Added default schema from file:/C:/Users/ManishaRamidi/.m2/repository/com/smartbear/soapui/soapui/5.5.0/soapui-5.5.0.jar!/com/eviware/soapui/resources/xsds/swaref.xsd with targetNamespace http://ws-i.org/profiles/basic/1.1/xsd
2020-08-10 11:42:27,310 INFO  [SchemaUtils] Added default schema from file:/C:/Users/ManishaRamidi/.m2/repository/com/smartbear/soapui/soapui/5.5.0/soapui-5.5.0.jar!/com/eviware/soapui/resources/xsds/xmime200505.xsd with targetNamespace http://www.w3.org/2005/05/xmlmime
2020-08-10 11:42:27,326 INFO  [SchemaUtils] Added default schema from file:/C:/Users/ManishaRamidi/.m2/repository/com/smartbear/soapui/soapui/5.5.0/soapui-5.5.0.jar!/com/eviware/soapui/resources/xsds/xmime200411.xsd with targetNamespace http://www.w3.org/2004/11/xmlmime
2020-08-10 11:42:27,342 INFO  [SchemaUtils] Added default schema from file:/C:/Users/ManishaRamidi/.m2/repository/com/smartbear/soapui/soapui/5.5.0/soapui-5.5.0.jar!/com/eviware/soapui/resources/xsds/soapEnvelope.xsd with targetNamespace http://schemas.xmlsoap.org/soap/envelope/
2020-08-10 11:42:27,362 INFO  [SchemaUtils] Added default schema from file:/C:/Users/ManishaRamidi/.m2/repository/com/smartbear/soapui/soapui/5.5.0/soapui-5.5.0.jar!/com/eviware/soapui/resources/xsds/soapEncoding.xsd with targetNamespace http://schemas.xmlsoap.org/soap/encoding/
2020-08-10 11:42:27,375 INFO  [SchemaUtils] Added default schema from file:/C:/Users/ManishaRamidi/.m2/repository/com/smartbear/soapui/soapui/5.5.0/soapui-5.5.0.jar!/com/eviware/soapui/resources/xsds/soapEnvelope12.xsd with targetNamespace http://www.w3.org/2003/05/soap-envelope
2020-08-10 11:42:27,395 INFO  [SchemaUtils] Added default schema from file:/C:/Users/ManishaRamidi/.m2/repository/com/smartbear/soapui/soapui/5.5.0/soapui-5.5.0.jar!/com/eviware/soapui/resources/xsds/soapEncoding12.xsd with targetNamespace http://www.w3.org/2003/05/soap-encoding
2020-08-10 11:42:27,408 INFO  [SchemaUtils] Loading schema types from [file:\C:\Users\ManishaRamidi\Desktop\Manisha\CTD\full%20stack\API\API%20project\SOAP%20API%20WSDL%20EndPoints\SOAP%20API%20WSDL%20EndPoints\customerCustomerRepositoryV1.xml]
2020-08-10 11:42:27,410 INFO  [SchemaUtils] Getting schema file:\C:\Users\ManishaRamidi\Desktop\Manisha\CTD\full%20stack\API\API%20project\SOAP%20API%20WSDL%20EndPoints\SOAP%20API%20WSDL%20EndPoints\customerCustomerRepositoryV1.xml
2020-08-10 11:42:28,355 INFO  [SoapUITestCaseRunner] Assertion [SOAP Response] has status VALID
2020-08-10 11:42:28,356 INFO  [SoapUITestCaseRunner] Assertion [Schema Compliance] has status VALID
2020-08-10 11:42:28,391 INFO  [SoapUITestCaseRunner] Assertion [Not SOAP Fault] has status VALID
2020-08-10 11:42:28,401 INFO  [SoapUITestCaseRunner] running step [Call GetCustomers]
2020-08-10 11:42:35,092 INFO  [SoapUITestCaseRunner] Assertion [SOAP Response] has status VALID
2020-08-10 11:42:35,092 INFO  [SoapUITestCaseRunner] Assertion [Schema Compliance] has status VALID
2020-08-10 11:42:35,120 INFO  [SoapUITestCaseRunner] Assertion [Not SOAP Fault] has status VALID
2020-08-10 11:42:35,216 INFO  [SoapUITestCaseRunner] running step [CustomerId]
2020-08-10 11:42:36,282 INFO  [log] 5187
2020-08-10 11:42:36,291 INFO  [SoapUITestCaseRunner] running step [Call GetById]
2020-08-10 11:42:37,124 INFO  [SoapUITestCaseRunner] Assertion [SOAP Response] has status VALID
2020-08-10 11:42:37,152 INFO  [SoapUITestCaseRunner] Assertion [Schema Compliance] has status VALID
2020-08-10 11:42:37,154 INFO  [SoapUITestCaseRunner] Assertion [Not SOAP Fault] has status VALID
2020-08-10 11:42:37,186 INFO  [SoapUITestCaseRunner] running step [CallDeleteByID]
2020-08-10 11:42:38,186 INFO  [SoapUITestCaseRunner] Assertion [SOAP Response] has status VALID
2020-08-10 11:42:38,187 INFO  [SoapUITestCaseRunner] Assertion [Schema Compliance] has status VALID
2020-08-10 11:42:38,192 INFO  [SoapUITestCaseRunner] Assertion [Not SOAP Fault] has status VALID
2020-08-10 11:42:38,198 INFO  [SoapUITestCaseRunner] Finished running SoapUI testcase [FunctionalTesting_Script], time taken: 14765ms, status: FINISHED
2020-08-10 11:42:38,212 INFO  [SoapUITestCaseRunner] Running SoapUI testcase [FunctionalTesting_GOTO]
2020-08-10 11:42:38,218 INFO  [SoapUITestCaseRunner] running step [Properties]
2020-08-10 11:42:38,227 INFO  [SoapUITestCaseRunner] running step [Call Create]
2020-08-10 11:42:39,147 INFO  [SoapUITestCaseRunner] Assertion [SOAP Response] has status VALID
2020-08-10 11:42:39,156 INFO  [SoapUITestCaseRunner] Assertion [Schema Compliance] has status VALID
2020-08-10 11:42:39,158 INFO  [SoapUITestCaseRunner] Assertion [Not SOAP Fault] has status VALID
2020-08-10 11:42:39,159 INFO  [SoapUITestCaseRunner] running step [Call GetCustomers]
2020-08-10 11:42:43,958 INFO  [SoapUITestCaseRunner] Assertion [SOAP Response] has status VALID
2020-08-10 11:42:43,970 INFO  [SoapUITestCaseRunner] Assertion [Schema Compliance] has status VALID
2020-08-10 11:42:43,983 INFO  [SoapUITestCaseRunner] Assertion [Not SOAP Fault] has status VALID
2020-08-10 11:42:43,986 INFO  [SoapUITestCaseRunner] running step [Conditional Goto]
2020-08-10 11:42:44,132 INFO  [SoapUITestCaseRunner] running step [Call GetById]
2020-08-10 11:42:44,852 INFO  [SoapUITestCaseRunner] Assertion [SOAP Response] has status VALID
2020-08-10 11:42:44,853 INFO  [SoapUITestCaseRunner] Assertion [Schema Compliance] has status VALID
2020-08-10 11:42:44,860 INFO  [SoapUITestCaseRunner] Assertion [Not SOAP Fault] has status VALID
2020-08-10 11:42:44,871 INFO  [SoapUITestCaseRunner] running step [CallDeleteByID]
2020-08-10 11:42:46,136 INFO  [SoapUITestCaseRunner] Assertion [SOAP Response] has status VALID
2020-08-10 11:42:46,137 INFO  [SoapUITestCaseRunner] Assertion [Schema Compliance] has status VALID
2020-08-10 11:42:46,150 INFO  [SoapUITestCaseRunner] Assertion [Not SOAP Fault] has status VALID
2020-08-10 11:42:46,155 INFO  [SoapUITestCaseRunner] Finished running SoapUI testcase [FunctionalTesting_GOTO], time taken: 7826ms, status: FINISHED
2020-08-10 11:42:46,172 INFO  [SoapUITestCaseRunner] Running SoapUI testcase [FunctionalTestingE2E]
2020-08-10 11:42:46,177 INFO  [SoapUITestCaseRunner] running step [Properties]
2020-08-10 11:42:46,183 INFO  [SoapUITestCaseRunner] running step [Call Create]
2020-08-10 11:42:47,075 INFO  [SoapUITestCaseRunner] Assertion [SOAP Response] has status VALID
2020-08-10 11:42:47,076 INFO  [SoapUITestCaseRunner] Assertion [Schema Compliance] has status VALID
2020-08-10 11:42:47,088 INFO  [SoapUITestCaseRunner] Assertion [Not SOAP Fault] has status VALID
2020-08-10 11:42:47,089 INFO  [SoapUITestCaseRunner] running step [Call GetCustomers]
2020-08-10 11:42:51,299 INFO  [SoapUITestCaseRunner] Assertion [SOAP Response] has status VALID
2020-08-10 11:42:51,301 INFO  [SoapUITestCaseRunner] Assertion [Schema Compliance] has status VALID
2020-08-10 11:42:51,303 INFO  [SoapUITestCaseRunner] Assertion [Not SOAP Fault] has status VALID
2020-08-10 11:42:51,305 INFO  [SoapUITestCaseRunner] running step [Call GetById]
2020-08-10 11:42:52,024 INFO  [SoapUITestCaseRunner] Assertion [SOAP Response] has status VALID
2020-08-10 11:42:52,025 INFO  [SoapUITestCaseRunner] Assertion [Schema Compliance] has status VALID
2020-08-10 11:42:52,031 INFO  [SoapUITestCaseRunner] Assertion [Not SOAP Fault] has status VALID
2020-08-10 11:42:52,046 INFO  [SoapUITestCaseRunner] running step [CallDeleteByID]
2020-08-10 11:42:53,051 INFO  [SoapUITestCaseRunner] Assertion [SOAP Response] has status VALID
2020-08-10 11:42:53,052 INFO  [SoapUITestCaseRunner] Assertion [Schema Compliance] has status VALID
2020-08-10 11:42:53,055 INFO  [SoapUITestCaseRunner] Assertion [Not SOAP Fault] has status VALID
2020-08-10 11:42:53,056 INFO  [SoapUITestCaseRunner] Finished running SoapUI testcase [FunctionalTestingE2E], time taken: 6801ms, status: FINISHED
2020-08-10 11:42:53,071 INFO  [SoapUITestCaseRunner] Running SoapUI testcase [FunctionalTesting_PropertyExpansion]
2020-08-10 11:42:53,071 INFO  [SoapUITestCaseRunner] running step [Properties]
2020-08-10 11:42:53,086 INFO  [SoapUITestCaseRunner] running step [Call Create]
2020-08-10 11:42:54,290 INFO  [SoapUITestCaseRunner] Assertion [SOAP Response] has status VALID
2020-08-10 11:42:54,302 INFO  [SoapUITestCaseRunner] Assertion [Schema Compliance] has status VALID
2020-08-10 11:42:54,309 INFO  [SoapUITestCaseRunner] Assertion [Not SOAP Fault] has status VALID
2020-08-10 11:42:54,325 INFO  [SoapUITestCaseRunner] running step [Call GetCustomers]
2020-08-10 11:42:58,693 INFO  [SoapUITestCaseRunner] Assertion [SOAP Response] has status VALID
2020-08-10 11:42:58,693 INFO  [SoapUITestCaseRunner] Assertion [Schema Compliance] has status VALID
2020-08-10 11:42:58,699 INFO  [SoapUITestCaseRunner] Assertion [Not SOAP Fault] has status VALID
2020-08-10 11:42:58,709 INFO  [SoapUITestCaseRunner] running step [Call GetById]
2020-08-10 11:42:59,531 INFO  [SoapUITestCaseRunner] Assertion [SOAP Response] has status VALID
2020-08-10 11:42:59,533 INFO  [SoapUITestCaseRunner] Assertion [Schema Compliance] has status VALID
2020-08-10 11:42:59,540 INFO  [SoapUITestCaseRunner] Assertion [Not SOAP Fault] has status VALID
2020-08-10 11:42:59,546 INFO  [SoapUITestCaseRunner] running step [CallDeleteByID]
2020-08-10 11:43:00,609 INFO  [SoapUITestCaseRunner] Assertion [SOAP Response] has status VALID
2020-08-10 11:43:00,609 INFO  [SoapUITestCaseRunner] Assertion [Schema Compliance] has status VALID
2020-08-10 11:43:00,610 INFO  [SoapUITestCaseRunner] Assertion [Not SOAP Fault] has status VALID
2020-08-10 11:43:00,612 INFO  [SoapUITestCaseRunner] Finished running SoapUI testcase [FunctionalTesting_PropertyExpansion], time taken: 7438ms, status: FINISHED
2020-08-10 11:43:00,632 INFO  [SoapUITestCaseRunner] Running SoapUI testcase [FunctionalTesting_PropertyTransfer]
2020-08-10 11:43:00,636 INFO  [SoapUITestCaseRunner] running step [Properties]
2020-08-10 11:43:00,654 INFO  [SoapUITestCaseRunner] running step [Call Create]
2020-08-10 11:43:01,537 INFO  [SoapUITestCaseRunner] Assertion [SOAP Response] has status VALID
2020-08-10 11:43:01,538 INFO  [SoapUITestCaseRunner] Assertion [Schema Compliance] has status VALID
2020-08-10 11:43:01,543 INFO  [SoapUITestCaseRunner] Assertion [Not SOAP Fault] has status VALID
2020-08-10 11:43:01,547 INFO  [SoapUITestCaseRunner] running step [Call GetCustomers]
2020-08-10 11:43:05,836 INFO  [SoapUITestCaseRunner] Assertion [SOAP Response] has status VALID
2020-08-10 11:43:05,837 INFO  [SoapUITestCaseRunner] Assertion [Schema Compliance] has status VALID
2020-08-10 11:43:05,841 INFO  [SoapUITestCaseRunner] Assertion [Not SOAP Fault] has status VALID
2020-08-10 11:43:05,852 INFO  [SoapUITestCaseRunner] running step [Property Transfer]
2020-08-10 11:43:05,901 INFO  [SoapUITestCaseRunner] running step [Call GetById]
2020-08-10 11:43:06,634 INFO  [SoapUITestCaseRunner] Assertion [SOAP Response] has status VALID
2020-08-10 11:43:06,634 INFO  [SoapUITestCaseRunner] Assertion [Schema Compliance] has status VALID
2020-08-10 11:43:06,651 INFO  [SoapUITestCaseRunner] Assertion [Not SOAP Fault] has status VALID
2020-08-10 11:43:06,713 INFO  [SoapUITestCaseRunner] running step [CallDeleteByID]
2020-08-10 11:43:07,774 INFO  [SoapUITestCaseRunner] Assertion [SOAP Response] has status VALID
2020-08-10 11:43:07,792 INFO  [SoapUITestCaseRunner] Assertion [Schema Compliance] has status VALID
2020-08-10 11:43:07,793 INFO  [SoapUITestCaseRunner] Assertion [Not SOAP Fault] has status VALID
2020-08-10 11:43:07,813 INFO  [SoapUITestCaseRunner] Finished running SoapUI testcase [FunctionalTesting_PropertyTransfer], time taken: 6920ms, status: FINISHED
2020-08-10 11:43:07,826 INFO  [SoapUITestCaseRunner] Running SoapUI testcase [DataDriven Testing]
2020-08-10 11:43:07,859 INFO  [SoapUITestCaseRunner] running step [DDT]
2020-08-10 11:43:08,764 INFO  [log] 3 and 1
2020-08-10 11:43:08,800 INFO  [log] manisha${=String.valueOf(Math.random()*1000).substring(0,5)}@gmail.com
2020-08-10 11:43:08,924 INFO  [SoapUITestCaseRunner] Running SoapUI testcase [FunctionalTestingE2E]
2020-08-10 11:43:08,925 INFO  [SoapUITestCaseRunner] running step [Properties]
2020-08-10 11:43:08,930 INFO  [SoapUITestCaseRunner] running step [Call Create]
2020-08-10 11:43:09,928 INFO  [SoapUITestCaseRunner] Assertion [SOAP Response] has status VALID
2020-08-10 11:43:09,931 INFO  [SoapUITestCaseRunner] Assertion [Schema Compliance] has status VALID
2020-08-10 11:43:09,941 INFO  [SoapUITestCaseRunner] Assertion [Not SOAP Fault] has status VALID
2020-08-10 11:43:09,941 INFO  [SoapUITestCaseRunner] running step [Call GetCustomers]
2020-08-10 11:43:14,445 INFO  [SoapUITestCaseRunner] Assertion [SOAP Response] has status VALID
2020-08-10 11:43:14,452 INFO  [SoapUITestCaseRunner] Assertion [Schema Compliance] has status VALID
2020-08-10 11:43:14,455 INFO  [SoapUITestCaseRunner] Assertion [Not SOAP Fault] has status VALID
2020-08-10 11:43:14,473 INFO  [SoapUITestCaseRunner] running step [Call GetById]
2020-08-10 11:43:15,272 INFO  [SoapUITestCaseRunner] Assertion [SOAP Response] has status VALID
2020-08-10 11:43:15,275 INFO  [SoapUITestCaseRunner] Assertion [Schema Compliance] has status VALID
2020-08-10 11:43:15,286 INFO  [SoapUITestCaseRunner] Assertion [Not SOAP Fault] has status VALID
2020-08-10 11:43:15,289 INFO  [SoapUITestCaseRunner] running step [CallDeleteByID]
2020-08-10 11:43:16,114 INFO  [SoapUITestCaseRunner] Assertion [SOAP Response] has status VALID
2020-08-10 11:43:16,115 INFO  [SoapUITestCaseRunner] Assertion [Schema Compliance] has status VALID
2020-08-10 11:43:16,118 INFO  [SoapUITestCaseRunner] Assertion [Not SOAP Fault] has status VALID
2020-08-10 11:43:16,119 INFO  [SoapUITestCaseRunner] Finished running SoapUI testcase [FunctionalTestingE2E], time taken: 7076ms, status: FINISHED
2020-08-10 11:43:16,135 INFO  [log] Status: FINISHED, time taken for TestCase was: 7076 ms
2020-08-10 11:43:16,205 INFO  [log] Number of test steps which ran: 5
2020-08-10 11:43:16,323 INFO  [log] Ramidi${=String.valueOf(Math.random()*1000).substring(0,5)}@gmail.com
2020-08-10 11:43:16,340 INFO  [SoapUITestCaseRunner] Running SoapUI testcase [FunctionalTestingE2E]
2020-08-10 11:43:16,417 INFO  [SoapUITestCaseRunner] running step [Properties]
2020-08-10 11:43:16,511 INFO  [SoapUITestCaseRunner] running step [Call Create]
2020-08-10 11:43:17,309 INFO  [SoapUITestCaseRunner] Assertion [SOAP Response] has status VALID
2020-08-10 11:43:17,311 INFO  [SoapUITestCaseRunner] Assertion [Schema Compliance] has status VALID
2020-08-10 11:43:17,314 INFO  [SoapUITestCaseRunner] Assertion [Not SOAP Fault] has status VALID
2020-08-10 11:43:17,318 INFO  [SoapUITestCaseRunner] running step [Call GetCustomers]
2020-08-10 11:43:21,637 INFO  [SoapUITestCaseRunner] Assertion [SOAP Response] has status VALID
2020-08-10 11:43:21,640 INFO  [SoapUITestCaseRunner] Assertion [Schema Compliance] has status VALID
2020-08-10 11:43:21,656 INFO  [SoapUITestCaseRunner] Assertion [Not SOAP Fault] has status VALID
2020-08-10 11:43:21,661 INFO  [SoapUITestCaseRunner] running step [Call GetById]
2020-08-10 11:43:22,442 INFO  [SoapUITestCaseRunner] Assertion [SOAP Response] has status VALID
2020-08-10 11:43:22,447 INFO  [SoapUITestCaseRunner] Assertion [Schema Compliance] has status VALID
2020-08-10 11:43:22,452 INFO  [SoapUITestCaseRunner] Assertion [Not SOAP Fault] has status VALID
2020-08-10 11:43:22,453 INFO  [SoapUITestCaseRunner] running step [CallDeleteByID]
2020-08-10 11:43:23,565 INFO  [SoapUITestCaseRunner] Assertion [SOAP Response] has status VALID
2020-08-10 11:43:23,565 INFO  [SoapUITestCaseRunner] Assertion [Schema Compliance] has status VALID
2020-08-10 11:43:23,566 INFO  [SoapUITestCaseRunner] Assertion [Not SOAP Fault] has status VALID
2020-08-10 11:43:23,567 INFO  [SoapUITestCaseRunner] Finished running SoapUI testcase [FunctionalTestingE2E], time taken: 6969ms, status: FINISHED
2020-08-10 11:43:23,568 INFO  [log] Status: FINISHED, time taken for TestCase was: 6969 ms
2020-08-10 11:43:23,569 INFO  [log] Number of test steps which ran: 5
2020-08-10 11:43:23,579 INFO  [SoapUITestCaseRunner] Finished running SoapUI testcase [DataDriven Testing], time taken: 15712ms, status: FINISHED
2020-08-10 11:43:23,587 INFO  [SoapUITestCaseRunner] Running SoapUI testcase [Database Testing]
2020-08-10 11:43:23,592 INFO  [SoapUITestCaseRunner] running step [Database Connection]
2020-08-10 11:43:24,164 INFO  [SoapUITestCaseRunner] Assertion [Script Assertion] has status UNKNOWN
2020-08-10 11:43:24,165 INFO  [SoapUITestCaseRunner] Assertion [XPath Match] has status UNKNOWN
2020-08-10 11:43:24,167 INFO  [SoapUITestCaseRunner] running step [Data]
2020-08-10 11:43:24,261 INFO  [log] <Results>
    <ResultSet fetchSize="0">
        <Row rowNumber="1">
            <MANISHA.EMAIL>manishaUser${=String.valueOf(Math.random()*1000).substring(0,5)}@gmail.com</MANISHA.EMAIL>
        </Row>
        <Row rowNumber="2">
            <MANISHA.EMAIL>manishar${=String.valueOf(Math.random()*1000).substring(0,5)}@gmail.com</MANISHA.EMAIL>
        </Row>
    </ResultSet>
</Results>

2020-08-10 11:43:24,399 INFO  [log] count is 2
2020-08-10 11:43:24,403 INFO  [log] i is 1
2020-08-10 11:43:24,453 INFO  [log] manishaUser863.0@gmail.com
2020-08-10 11:43:24,471 INFO  [SoapUITestCaseRunner] Running SoapUI testcase [FunctionalTestingE2E]
2020-08-10 11:43:24,473 INFO  [SoapUITestCaseRunner] running step [Properties]
2020-08-10 11:43:24,475 INFO  [SoapUITestCaseRunner] running step [Call Create]
2020-08-10 11:43:25,386 INFO  [SoapUITestCaseRunner] Assertion [SOAP Response] has status VALID
2020-08-10 11:43:25,387 INFO  [SoapUITestCaseRunner] Assertion [Schema Compliance] has status VALID
2020-08-10 11:43:25,393 INFO  [SoapUITestCaseRunner] Assertion [Not SOAP Fault] has status VALID
2020-08-10 11:43:25,401 INFO  [SoapUITestCaseRunner] running step [Call GetCustomers]
2020-08-10 11:43:29,847 INFO  [SoapUITestCaseRunner] Assertion [SOAP Response] has status VALID
2020-08-10 11:43:29,847 INFO  [SoapUITestCaseRunner] Assertion [Schema Compliance] has status VALID
2020-08-10 11:43:29,851 INFO  [SoapUITestCaseRunner] Assertion [Not SOAP Fault] has status VALID
2020-08-10 11:43:29,860 INFO  [SoapUITestCaseRunner] running step [Call GetById]
2020-08-10 11:43:30,618 INFO  [SoapUITestCaseRunner] Assertion [SOAP Response] has status VALID
2020-08-10 11:43:30,619 INFO  [SoapUITestCaseRunner] Assertion [Schema Compliance] has status VALID
2020-08-10 11:43:30,631 INFO  [SoapUITestCaseRunner] Assertion [Not SOAP Fault] has status VALID
2020-08-10 11:43:30,637 INFO  [SoapUITestCaseRunner] running step [CallDeleteByID]
2020-08-10 11:43:31,656 INFO  [SoapUITestCaseRunner] Assertion [SOAP Response] has status VALID
2020-08-10 11:43:31,656 INFO  [SoapUITestCaseRunner] Assertion [Schema Compliance] has status VALID
2020-08-10 11:43:31,658 INFO  [SoapUITestCaseRunner] Assertion [Not SOAP Fault] has status VALID
2020-08-10 11:43:31,670 INFO  [SoapUITestCaseRunner] Finished running SoapUI testcase [FunctionalTestingE2E], time taken: 7105ms, status: FINISHED
2020-08-10 11:43:31,675 INFO  [log] Status: FINISHED, time taken for TestCase was: 7105 ms
2020-08-10 11:43:31,676 INFO  [log] Number of test steps which ran: 5
2020-08-10 11:43:31,688 INFO  [log] i is 2
2020-08-10 11:43:31,705 INFO  [log] manishar733.9@gmail.com
2020-08-10 11:43:31,713 INFO  [SoapUITestCaseRunner] Running SoapUI testcase [FunctionalTestingE2E]
2020-08-10 11:43:31,723 INFO  [SoapUITestCaseRunner] running step [Properties]
2020-08-10 11:43:31,727 INFO  [SoapUITestCaseRunner] running step [Call Create]
2020-08-10 11:43:32,583 INFO  [SoapUITestCaseRunner] Assertion [SOAP Response] has status VALID
2020-08-10 11:43:32,588 INFO  [SoapUITestCaseRunner] Assertion [Schema Compliance] has status VALID
2020-08-10 11:43:32,589 INFO  [SoapUITestCaseRunner] Assertion [Not SOAP Fault] has status VALID
2020-08-10 11:43:32,599 INFO  [SoapUITestCaseRunner] running step [Call GetCustomers]
2020-08-10 11:43:36,926 INFO  [SoapUITestCaseRunner] Assertion [SOAP Response] has status VALID
2020-08-10 11:43:36,941 INFO  [SoapUITestCaseRunner] Assertion [Schema Compliance] has status VALID
2020-08-10 11:43:36,949 INFO  [SoapUITestCaseRunner] Assertion [Not SOAP Fault] has status VALID
2020-08-10 11:43:36,953 INFO  [SoapUITestCaseRunner] running step [Call GetById]
2020-08-10 11:43:37,682 INFO  [SoapUITestCaseRunner] Assertion [SOAP Response] has status VALID
2020-08-10 11:43:37,682 INFO  [SoapUITestCaseRunner] Assertion [Schema Compliance] has status VALID
2020-08-10 11:43:37,685 INFO  [SoapUITestCaseRunner] Assertion [Not SOAP Fault] has status VALID
2020-08-10 11:43:37,687 INFO  [SoapUITestCaseRunner] running step [CallDeleteByID]
2020-08-10 11:43:38,721 INFO  [SoapUITestCaseRunner] Assertion [SOAP Response] has status VALID
2020-08-10 11:43:38,721 INFO  [SoapUITestCaseRunner] Assertion [Schema Compliance] has status VALID
2020-08-10 11:43:38,722 INFO  [SoapUITestCaseRunner] Assertion [Not SOAP Fault] has status VALID
2020-08-10 11:43:38,726 INFO  [SoapUITestCaseRunner] Finished running SoapUI testcase [FunctionalTestingE2E], time taken: 6930ms, status: FINISHED
2020-08-10 11:43:38,735 INFO  [log] Status: FINISHED, time taken for TestCase was: 6930 ms
2020-08-10 11:43:38,737 INFO  [log] Number of test steps which ran: 5
2020-08-10 11:43:38,750 INFO  [SoapUITestCaseRunner] Finished running SoapUI testcase [Database Testing], time taken: 15110ms, status: FINISHED
2020-08-10 11:43:38,761 INFO  [SoapUITestCaseRunner] Running SoapUI testcase [SystemTesting]
2020-08-10 11:43:38,763 INFO  [SoapUITestCaseRunner] running step [E2E System Testing]
2020-08-10 11:43:38,971 INFO  [SoapUITestCaseRunner] Running SoapUI testcase [FunctionalTestingE2E]
2020-08-10 11:43:38,981 INFO  [SoapUITestCaseRunner] running step [Properties]
2020-08-10 11:43:38,987 INFO  [SoapUITestCaseRunner] running step [Call Create]
2020-08-10 11:43:39,880 INFO  [SoapUITestCaseRunner] Assertion [SOAP Response] has status VALID
2020-08-10 11:43:39,881 INFO  [SoapUITestCaseRunner] Assertion [Schema Compliance] has status VALID
2020-08-10 11:43:39,884 INFO  [SoapUITestCaseRunner] Assertion [Not SOAP Fault] has status VALID
2020-08-10 11:43:39,895 INFO  [SoapUITestCaseRunner] running step [Call GetCustomers]
2020-08-10 11:43:44,748 INFO  [SoapUITestCaseRunner] Assertion [SOAP Response] has status VALID
2020-08-10 11:43:44,749 INFO  [SoapUITestCaseRunner] Assertion [Schema Compliance] has status VALID
2020-08-10 11:43:44,755 INFO  [SoapUITestCaseRunner] Assertion [Not SOAP Fault] has status VALID
2020-08-10 11:43:44,762 INFO  [SoapUITestCaseRunner] running step [Call GetById]
2020-08-10 11:43:45,454 INFO  [SoapUITestCaseRunner] Assertion [SOAP Response] has status VALID
2020-08-10 11:43:45,454 INFO  [SoapUITestCaseRunner] Assertion [Schema Compliance] has status VALID
2020-08-10 11:43:45,458 INFO  [SoapUITestCaseRunner] Assertion [Not SOAP Fault] has status VALID
2020-08-10 11:43:45,469 INFO  [SoapUITestCaseRunner] running step [CallDeleteByID]
2020-08-10 11:43:46,327 INFO  [SoapUITestCaseRunner] Assertion [SOAP Response] has status VALID
2020-08-10 11:43:46,338 INFO  [SoapUITestCaseRunner] Assertion [Schema Compliance] has status VALID
2020-08-10 11:43:46,343 INFO  [SoapUITestCaseRunner] Assertion [Not SOAP Fault] has status VALID
2020-08-10 11:43:46,355 INFO  [SoapUITestCaseRunner] Finished running SoapUI testcase [FunctionalTestingE2E], time taken: 7277ms, status: FINISHED
2020-08-10 11:43:46,362 INFO  [log] Status: FINISHED, time taken for TestCase was: 7277 ms
2020-08-10 11:43:46,375 INFO  [log] Number of test steps which ran: 5
2020-08-10 11:43:46,384 INFO  [SoapUITestCaseRunner] Finished running SoapUI testcase [SystemTesting], time taken: 7611ms, status: FINISHED
2020-08-10 11:43:46,396 INFO  [SoapUITestCaseRunner] Project [CustomerRepository] finished with status [FINISHED] in 92174ms
2020-08-10 11:47:39,276 WARN  [Tools] Could not delete temporary directory C:\Users\MANISH~1\AppData\Local\Temp\fa973ad4-ebd2-40ed-b193-fc9a9bf2762c
2020-08-10 11:47:39,286 WARN  [Tools] Could not delete temporary directory C:\Users\MANISH~1\AppData\Local\Temp\8592145c-c962-49e5-9b86-cebd311dd02d
